
> pluco-ui-2@0.1.0 build-storybook /home/filipe/dev/plucoui
> storybook build "--output-dir=/tmp/chromatic--68566-ocvPx3bCJLYw"

@storybook/core v8.3.6

info => Cleaning outputDir: ../../../../tmp/chromatic--68566-ocvPx3bCJLYw
info => Loading presets
info => Building manager..
WARN unable to find package.json for @ark-ui/react
info => Manager built (188 ms)
info => Building preview..
info Addon-docs: using MDX3
info => Using implicit CSS loaders
WARN No story files found for the specified pattern: src/**/*.mdx
info => Using SWC as compiler
info => Using default Webpack5 setup
info Using tsconfig paths for react-docgen
ðŸ¼ info [hrtime] Extracted in (334.58ms)
WARN asset size limit: The following asset(s) exceed the recommended size limit (244 KiB).
WARN This can impact web performance.
WARN Assets: 
WARN   521.25c896a7.iframe.bundle.js (828 KiB)
WARN   9357.e1bb62b1.iframe.bundle.js (356 KiB)
WARN   8265.cfe83a55.iframe.bundle.js (1.87 MiB)
WARN   5469.dff526aa.iframe.bundle.js (1.03 MiB)
WARN entrypoint size limit: The following entrypoint(s) combined asset size exceeds the recommended limit (244 KiB). This can impact web performance.
WARN Entrypoints:
WARN   main (2.04 MiB)
WARN       runtime~main.791ee482.iframe.bundle.js
WARN       8265.cfe83a55.iframe.bundle.js
WARN       main.c69913b7.iframe.bundle.js
WARN 
info => Preview built (27 s)
info => Output directory: /tmp/chromatic--68566-ocvPx3bCJLYw
